2017-01-28 19:53:58 INFO  - SCENARIO: Verify the employee personal imformation in the info widget. MESSAGE: starting scenario.
2017-01-28 19:53:58 INFO  - STEP: I am at Mach2 webpage. MESSAGE: and prepare to Login.
2017-01-28 19:54:05 INFO  - STEP: I set username as . MESSAGE: angelica.rodriguez@fundacion-jala.org.
2017-01-28 19:54:05 INFO  - STEP: I set password as . MESSAGE: At24062406and press submit.
2017-01-28 19:54:06 INFO  - STEP: I add a mew Board to the group. MESSAGE: My Dashboard.
2017-01-28 19:54:06 INFO  - STEP: I click on Widget button. MESSAGE: at the top menu bar.
2017-01-28 19:54:07 INFO  - STEP: I click on . MESSAGE: Infoicon inside the Widget options.
2017-01-28 19:54:07 INFO  - STEP: I select . MESSAGE: Open ERPservice icon and click on it.
2017-01-28 19:54:08 INFO  - STEP: I select . MESSAGE: Engineer Informationservice of Open ERP.
2017-01-28 19:54:23 INFO  - STEP: I click on save Button. MESSAGE: Click on save Button.
2017-01-28 19:56:01 INFO  - SCENARIO: Verify the employee personal imformation in the info widget. MESSAGE: starting scenario.
2017-01-28 19:56:01 INFO  - STEP: I am at Mach2 webpage. MESSAGE: and prepare to Login.
2017-01-28 19:56:14 INFO  - STEP: I set username as . MESSAGE: angelica.rodriguez@fundacion-jala.org.
2017-01-28 19:56:15 INFO  - STEP: I set password as . MESSAGE: At24062406and press submit.
2017-01-28 19:56:15 INFO  - STEP: I add a mew Board to the group. MESSAGE: My Dashboard.
2017-01-28 19:56:15 INFO  - STEP: I click on Widget button. MESSAGE: at the top menu bar.
2017-01-28 19:56:16 INFO  - STEP: I click on . MESSAGE: Infoicon inside the Widget options.
2017-01-28 19:56:16 INFO  - STEP: I select . MESSAGE: Open ERPservice icon and click on it.
2017-01-28 19:56:16 INFO  - STEP: I select . MESSAGE: Engineer Informationservice of Open ERP.
2017-01-28 19:56:19 INFO  - STEP: I click on save Button. MESSAGE: Click on save Button.
2017-01-28 20:02:52 INFO  - SCENARIO: Verify the employee personal imformation in the info widget. MESSAGE: starting scenario.
2017-01-28 20:02:52 INFO  - STEP: I am at Mach2 webpage. MESSAGE: and prepare to Login.
2017-01-28 20:03:01 INFO  - STEP: I set username as . MESSAGE: angelica.rodriguez@fundacion-jala.org.
2017-01-28 20:03:01 INFO  - STEP: I set password as . MESSAGE: At24062406and press submit.
2017-01-28 20:03:02 INFO  - STEP: I add a mew Board to the group. MESSAGE: My Dashboard.
2017-01-28 20:03:03 INFO  - STEP: I click on Widget button. MESSAGE: at the top menu bar.
2017-01-28 20:03:03 INFO  - STEP: I click on . MESSAGE: Infoicon inside the Widget options.
2017-01-28 20:04:08 INFO  - SCENARIO: Verify the employee personal imformation in the info widget. MESSAGE: starting scenario.
2017-01-28 20:04:09 INFO  - STEP: I am at Mach2 webpage. MESSAGE: and prepare to Login.
2017-01-28 20:04:16 INFO  - STEP: I set username as . MESSAGE: angelica.rodriguez@fundacion-jala.org.
2017-01-28 20:04:16 INFO  - STEP: I set password as . MESSAGE: At24062406and press submit.
2017-01-28 20:04:17 INFO  - STEP: I add a mew Board to the group. MESSAGE: My Dashboard.
2017-01-28 20:04:17 INFO  - STEP: I click on Widget button. MESSAGE: at the top menu bar.
2017-01-28 20:04:18 INFO  - STEP: I click on . MESSAGE: Infoicon inside the Widget options.
2017-01-28 20:04:18 INFO  - STEP: I select . MESSAGE: Open ERPservice icon and click on it.
2017-01-28 20:04:18 INFO  - STEP: I select . MESSAGE: Engineer Informationservice of Open ERP.
2017-01-28 20:04:21 INFO  - STEP: I click on save Button. MESSAGE: Click on save Button.
2017-01-28 20:05:04 INFO  - SCENARIO: Verify the employee personal imformation in the info widget. MESSAGE: starting scenario.
2017-01-28 20:05:04 INFO  - STEP: I am at Mach2 webpage. MESSAGE: and prepare to Login.
2017-01-28 20:05:11 INFO  - STEP: I set username as . MESSAGE: angelica.rodriguez@fundacion-jala.org.
2017-01-28 20:05:11 INFO  - STEP: I set password as . MESSAGE: At24062406and press submit.
2017-01-28 20:05:11 INFO  - STEP: I add a mew Board to the group. MESSAGE: My Dashboard.
2017-01-28 20:05:12 INFO  - STEP: I click on Widget button. MESSAGE: at the top menu bar.
2017-01-28 20:05:12 INFO  - STEP: I click on . MESSAGE: Infoicon inside the Widget options.
2017-01-28 20:05:13 INFO  - STEP: I select . MESSAGE: Open ERPservice icon and click on it.
2017-01-28 20:05:13 INFO  - STEP: I select . MESSAGE: Engineer Informationservice of Open ERP.
2017-01-28 20:05:16 INFO  - STEP: I click on save Button. MESSAGE: Click on save Button.
2017-01-28 20:05:33 INFO  - STEP: I have a table widget with Information filled. MESSAGE: Verification of datas.
2017-01-28 20:06:36 INFO  - SCENARIO: Verify the employee personal imformation in the info widget. MESSAGE: starting scenario.
2017-01-28 20:06:36 INFO  - STEP: I am at Mach2 webpage. MESSAGE: and prepare to Login.
2017-01-28 20:06:43 INFO  - STEP: I set username as . MESSAGE: angelica.rodriguez@fundacion-jala.org.
2017-01-28 20:06:43 INFO  - STEP: I set password as . MESSAGE: At24062406and press submit.
2017-01-28 20:06:44 INFO  - STEP: I add a mew Board to the group. MESSAGE: My Dashboard.
2017-01-28 20:06:44 INFO  - STEP: I click on Widget button. MESSAGE: at the top menu bar.
2017-01-28 20:06:44 INFO  - STEP: I click on . MESSAGE: Infoicon inside the Widget options.
2017-01-28 20:06:45 INFO  - STEP: I select . MESSAGE: Open ERPservice icon and click on it.
2017-01-28 20:06:46 INFO  - STEP: I select . MESSAGE: Engineer Informationservice of Open ERP.
2017-01-28 20:07:01 INFO  - STEP: I click on save Button. MESSAGE: Click on save Button.
2017-01-28 20:07:19 INFO  - SCENARIO: Verify the employee personal imformation in the info widget. MESSAGE: starting scenario.
2017-01-28 20:07:20 INFO  - STEP: I am at Mach2 webpage. MESSAGE: and prepare to Login.
2017-01-28 20:07:27 INFO  - STEP: I set username as . MESSAGE: angelica.rodriguez@fundacion-jala.org.
2017-01-28 20:07:27 INFO  - STEP: I set password as . MESSAGE: At24062406and press submit.
2017-01-28 20:07:27 INFO  - STEP: I add a mew Board to the group. MESSAGE: My Dashboard.
2017-01-28 20:07:28 INFO  - STEP: I click on Widget button. MESSAGE: at the top menu bar.
2017-01-28 20:07:29 INFO  - STEP: I click on . MESSAGE: Infoicon inside the Widget options.
2017-01-28 20:07:29 INFO  - STEP: I select . MESSAGE: Open ERPservice icon and click on it.
2017-01-28 20:07:29 INFO  - STEP: I select . MESSAGE: Engineer Informationservice of Open ERP.
2017-01-28 20:07:44 INFO  - STEP: I click on save Button. MESSAGE: Click on save Button.
2017-01-28 20:08:35 INFO  - SCENARIO: Verify the employee personal imformation in the info widget. MESSAGE: starting scenario.
2017-01-28 20:08:35 INFO  - STEP: I am at Mach2 webpage. MESSAGE: and prepare to Login.
2017-01-28 20:08:41 INFO  - STEP: I set username as . MESSAGE: angelica.rodriguez@fundacion-jala.org.
2017-01-28 20:08:42 INFO  - STEP: I set password as . MESSAGE: At24062406and press submit.
2017-01-28 20:08:42 INFO  - STEP: I add a mew Board to the group. MESSAGE: My Dashboard.
2017-01-28 20:08:43 INFO  - STEP: I click on Widget button. MESSAGE: at the top menu bar.
2017-01-28 20:08:43 INFO  - STEP: I click on . MESSAGE: Infoicon inside the Widget options.
2017-01-28 20:09:26 INFO  - SCENARIO: Verify the employee personal imformation in the info widget. MESSAGE: starting scenario.
2017-01-28 20:09:26 INFO  - STEP: I am at Mach2 webpage. MESSAGE: and prepare to Login.
2017-01-28 20:09:33 INFO  - STEP: I set username as . MESSAGE: angelica.rodriguez@fundacion-jala.org.
2017-01-28 20:09:33 INFO  - STEP: I set password as . MESSAGE: At24062406and press submit.
2017-01-28 20:09:34 INFO  - STEP: I add a mew Board to the group. MESSAGE: My Dashboard.
2017-01-28 20:09:34 INFO  - STEP: I click on Widget button. MESSAGE: at the top menu bar.
2017-01-28 20:09:34 INFO  - STEP: I click on . MESSAGE: Infoicon inside the Widget options.
2017-01-28 20:10:15 INFO  - SCENARIO: Verify the employee personal imformation in the info widget. MESSAGE: starting scenario.
2017-01-28 20:10:15 INFO  - STEP: I am at Mach2 webpage. MESSAGE: and prepare to Login.
2017-01-28 20:10:22 INFO  - STEP: I set username as . MESSAGE: angelica.rodriguez@fundacion-jala.org.
2017-01-28 20:10:23 INFO  - STEP: I set password as . MESSAGE: At24062406and press submit.
2017-01-28 20:10:23 INFO  - STEP: I add a mew Board to the group. MESSAGE: My Dashboard.
2017-01-28 20:10:23 INFO  - STEP: I click on Widget button. MESSAGE: at the top menu bar.
2017-01-28 20:10:24 INFO  - STEP: I click on . MESSAGE: Infoicon inside the Widget options.
2017-01-28 20:10:24 INFO  - STEP: I select . MESSAGE: Open ERPservice icon and click on it.
2017-01-28 20:10:25 INFO  - STEP: I select . MESSAGE: Engineer Informationservice of Open ERP.
2017-01-28 20:10:27 INFO  - STEP: I click on save Button. MESSAGE: Click on save Button.
2017-01-28 20:10:41 INFO  - STEP: I have a table widget with Information filled. MESSAGE: Verification of datas.
2017-01-30 09:14:40 INFO  - SCENARIO: Verify the employee personal imformation in the info widget. MESSAGE: starting scenario.
2017-01-30 09:14:41 INFO  - STEP: I am at Mach2 webpage. MESSAGE: and prepare to Login.
2017-01-30 09:14:52 INFO  - STEP: I set username as . MESSAGE: angelica.rodriguez@fundacion-jala.org.
2017-01-30 09:14:53 INFO  - STEP: I set password as . MESSAGE: At24062406and press submit.
2017-01-30 09:14:53 INFO  - STEP: I add a mew Board to the group. MESSAGE: My Dashboard.
2017-01-30 09:14:54 INFO  - STEP: I click on Widget button. MESSAGE: at the top menu bar.
2017-01-30 09:14:54 INFO  - STEP: I click on . MESSAGE: Infoicon inside the Widget options.
2017-01-30 09:14:54 INFO  - STEP: I select . MESSAGE: Open ERPservice icon and click on it.
2017-01-30 09:14:55 INFO  - STEP: I select . MESSAGE: Engineer Informationservice of Open ERP.
2017-01-30 09:14:57 INFO  - STEP: I click on save Button. MESSAGE: Click on save Button.
2017-01-30 09:15:07 INFO  - STEP: I have a table widget with Information filled. MESSAGE: Verification of datas.
2017-01-30 09:21:45 INFO  - SCENARIO: Verify the employee personal imformation in the info widget. MESSAGE: starting scenario.
2017-01-30 09:21:45 INFO  - STEP: I am at Mach2 webpage. MESSAGE: and prepare to Login.
2017-01-30 09:22:24 INFO  - STEP: I set username as . MESSAGE: angelica.rodriguez@fundacion-jala.org.
2017-01-30 09:22:25 INFO  - STEP: I set password as . MESSAGE: At24062406and press submit.
2017-01-30 09:22:25 INFO  - STEP: I add a mew Board to the group. MESSAGE: My Dashboard.
2017-01-30 09:22:26 INFO  - STEP: I click on Widget button. MESSAGE: at the top menu bar.
2017-01-30 09:22:26 INFO  - STEP: I click on . MESSAGE: Infoicon inside the Widget options.
2017-01-30 09:22:27 INFO  - STEP: I select . MESSAGE: Open ERPservice icon and click on it.
2017-01-30 09:22:27 INFO  - STEP: I select . MESSAGE: Engineer Informationservice of Open ERP.
2017-01-30 09:22:29 INFO  - STEP: I click on save Button. MESSAGE: Click on save Button.
2017-01-30 09:22:43 INFO  - STEP: I have a table widget with Information filled. MESSAGE: Verification of datas.
2017-01-30 09:27:52 INFO  - SCENARIO: Verify the employee personal imformation in the info widget. MESSAGE: starting scenario.
2017-01-30 09:27:52 INFO  - STEP: I am at Mach2 webpage. MESSAGE: and prepare to Login.
2017-01-30 09:28:03 INFO  - STEP: I set username as . MESSAGE: angelica.rodriguez@fundacion-jala.org.
2017-01-30 09:28:03 INFO  - STEP: I set password as . MESSAGE: At24062406and press submit.
2017-01-30 09:28:03 INFO  - STEP: I add a mew Board to the group. MESSAGE: My Dashboard.
2017-01-30 09:28:04 INFO  - STEP: I click on Widget button. MESSAGE: at the top menu bar.
2017-01-30 09:28:04 INFO  - STEP: I click on . MESSAGE: Infoicon inside the Widget options.
2017-01-30 09:28:04 INFO  - STEP: I select . MESSAGE: Open ERPservice icon and click on it.
2017-01-30 09:28:05 INFO  - STEP: I select . MESSAGE: Engineer Informationservice of Open ERP.
2017-01-30 09:28:07 INFO  - STEP: I click on save Button. MESSAGE: Click on save Button.
2017-01-30 09:28:19 INFO  - STEP: I have a table widget with Information filled. MESSAGE: Verification of datas.
2017-01-30 09:36:25 INFO  - SCENARIO: Verify the employee personal imformation in the info widget. MESSAGE: starting scenario.
2017-01-30 09:36:25 INFO  - STEP: I am at Mach2 webpage. MESSAGE: and prepare to Login.
2017-01-30 09:36:50 INFO  - STEP: I set username as . MESSAGE: angelica.rodriguez@fundacion-jala.org.
2017-01-30 09:36:50 INFO  - STEP: I set password as . MESSAGE: At24062406and press submit.
2017-01-30 09:36:50 INFO  - STEP: I add a mew Board to the group. MESSAGE: My Dashboard.
2017-01-30 09:36:51 INFO  - STEP: I click on Widget button. MESSAGE: at the top menu bar.
2017-01-30 09:36:51 INFO  - STEP: I click on . MESSAGE: Infoicon inside the Widget options.
2017-01-30 09:36:52 INFO  - STEP: I select . MESSAGE: Open ERPservice icon and click on it.
2017-01-30 09:36:53 INFO  - STEP: I select . MESSAGE: Engineer Informationservice of Open ERP.
2017-01-30 09:36:55 INFO  - STEP: I click on save Button. MESSAGE: Click on save Button.
2017-01-30 09:37:08 INFO  - STEP: I have a table widget with Information filled. MESSAGE: Verification of datas.
2017-01-30 14:15:40 INFO  - SCENARIO: Verify the employee personal imformation in the info widget. MESSAGE: starting scenario.
2017-01-30 14:15:41 INFO  - STEP: I am at Mach2 webpage. MESSAGE: and prepare to Login.
2017-01-30 14:15:49 INFO  - STEP: I set username as . MESSAGE: angelica.rodriguez@fundacion-jala.org.
2017-01-30 14:15:49 INFO  - STEP: I set password as . MESSAGE: At24062406and press submit.
2017-01-30 14:15:49 INFO  - STEP: I add a mew Board to the group. MESSAGE: My Dashboard.
2017-01-30 14:15:50 INFO  - STEP: I click on Widget button. MESSAGE: at the top menu bar.
2017-01-30 14:15:50 INFO  - STEP: I click on . MESSAGE: Infoicon inside the Widget options.
2017-01-30 14:16:32 INFO  - SCENARIO: Verify the employee personal imformation in the info widget. MESSAGE: starting scenario.
2017-01-30 14:16:32 INFO  - STEP: I am at Mach2 webpage. MESSAGE: and prepare to Login.
2017-01-30 14:16:39 INFO  - STEP: I set username as . MESSAGE: angelica.rodriguez@fundacion-jala.org.
2017-01-30 14:16:39 INFO  - STEP: I set password as . MESSAGE: At24062406and press submit.
2017-01-30 14:16:40 INFO  - STEP: I add a mew Board to the group. MESSAGE: My Dashboard.
2017-01-30 14:16:49 INFO  - STEP: I click on Widget button. MESSAGE: at the top menu bar.
2017-01-30 14:17:27 INFO  - SCENARIO: Verify the employee personal imformation in the info widget. MESSAGE: starting scenario.
2017-01-30 14:17:28 INFO  - STEP: I am at Mach2 webpage. MESSAGE: and prepare to Login.
2017-01-30 14:17:40 INFO  - STEP: I set username as . MESSAGE: angelica.rodriguez@fundacion-jala.org.
2017-01-30 14:17:40 INFO  - STEP: I set password as . MESSAGE: At24062406and press submit.
2017-01-30 14:17:40 INFO  - STEP: I add a mew Board to the group. MESSAGE: My Dashboard.
2017-01-30 14:17:41 INFO  - STEP: I click on Widget button. MESSAGE: at the top menu bar.
2017-01-30 14:17:41 INFO  - STEP: I click on . MESSAGE: Infoicon inside the Widget options.
2017-01-30 14:17:41 INFO  - STEP: I select . MESSAGE: Open ERPservice icon and click on it.
2017-01-30 14:17:42 INFO  - STEP: I select . MESSAGE: Engineer Informationservice of Open ERP.
2017-01-30 14:17:44 INFO  - STEP: I click on save Button. MESSAGE: Click on save Button.
2017-01-30 14:18:00 INFO  - STEP: I have a table widget with Information filled. MESSAGE: Verification of datas.
2017-01-30 14:20:30 INFO  - SCENARIO: Verify the employee personal imformation in the info widget. MESSAGE: starting scenario.
2017-01-30 14:20:30 INFO  - STEP: I am at Mach2 webpage. MESSAGE: and prepare to Login.
2017-01-30 14:20:38 INFO  - STEP: I set username as . MESSAGE: angelica.rodriguez@fundacion-jala.org.
2017-01-30 14:20:38 INFO  - STEP: I set password as . MESSAGE: At24062406and press submit.
2017-01-30 14:20:38 INFO  - STEP: I add a mew Board to the group. MESSAGE: My Dashboard.
2017-01-30 14:20:40 INFO  - STEP: I click on Widget button. MESSAGE: at the top menu bar.
2017-01-30 14:20:40 INFO  - STEP: I click on . MESSAGE: Infoicon inside the Widget options.
2017-01-30 14:20:40 INFO  - STEP: I select . MESSAGE: Open ERPservice icon and click on it.
2017-01-30 14:20:41 INFO  - STEP: I select . MESSAGE: Engineer Informationservice of Open ERP.
2017-01-30 14:20:43 INFO  - STEP: I click on save Button. MESSAGE: Click on save Button.
2017-01-30 14:20:58 INFO  - STEP: I have a table widget with Information filled. MESSAGE: Verification of datas.
2017-01-30 17:14:12 INFO  - SCENARIO: Verify the employee personal imformation in the info widget. MESSAGE: starting scenario.
2017-01-30 17:14:13 INFO  - STEP: I am at Mach2 webpage. MESSAGE: and prepare to Login.
2017-01-30 17:14:21 INFO  - STEP: I set username as . MESSAGE: angelica.rodriguez@fundacion-jala.org.
2017-01-30 17:14:21 INFO  - STEP: I set password as . MESSAGE: At24062406and press submit.
2017-01-30 17:14:21 INFO  - STEP: I add a mew Board to the group. MESSAGE: My Dashboard.
2017-01-30 17:14:22 INFO  - STEP: I click on Widget button. MESSAGE: at the top menu bar.
2017-01-30 17:14:22 INFO  - STEP: I click on . MESSAGE: Infoicon inside the Widget options.
2017-01-30 17:14:22 INFO  - STEP: I select . MESSAGE: Open ERPservice icon and click on it.
2017-01-30 17:14:23 INFO  - STEP: I select . MESSAGE: Engineer Informationservice of Open ERP.
2017-01-30 17:14:25 INFO  - STEP: I click on save Button. MESSAGE: Click on save Button.
2017-01-30 17:23:29 INFO  - SCENARIO: Verify the employee personal imformation in the info widget. MESSAGE: starting scenario.
2017-01-30 17:23:29 INFO  - STEP: I am at Mach2 webpage. MESSAGE: and prepare to Login.
2017-01-30 17:23:36 INFO  - STEP: I set username as . MESSAGE: angelica.rodriguez@fundacion-jala.org.
2017-01-30 17:23:36 INFO  - STEP: I set password as . MESSAGE: At24062406and press submit.
2017-01-30 17:23:36 INFO  - STEP: I add a mew Board to the group. MESSAGE: My Dashboard.
2017-01-30 17:23:37 INFO  - STEP: I click on Widget button. MESSAGE: at the top menu bar.
2017-01-30 17:23:37 INFO  - STEP: I click on . MESSAGE: Infoicon inside the Widget options.
2017-01-30 17:23:38 INFO  - STEP: I select . MESSAGE: Open ERPservice icon and click on it.
2017-01-30 17:23:39 INFO  - STEP: I select . MESSAGE: Engineer Informationservice of Open ERP.
2017-01-30 17:23:41 INFO  - STEP: I click on save Button. MESSAGE: Click on save Button.
2017-01-30 17:25:40 INFO  - SCENARIO: Verify the employee personal imformation in the info widget. MESSAGE: starting scenario.
2017-01-30 17:25:40 INFO  - STEP: I am at Mach2 webpage. MESSAGE: and prepare to Login.
2017-01-30 17:25:48 INFO  - STEP: I set username as . MESSAGE: angelica.rodriguez@fundacion-jala.org.
2017-01-30 17:25:48 INFO  - STEP: I set password as . MESSAGE: At24062406and press submit.
2017-01-30 17:25:49 INFO  - STEP: I add a mew Board to the group. MESSAGE: My Dashboard.
2017-01-30 17:25:49 INFO  - STEP: I click on Widget button. MESSAGE: at the top menu bar.
2017-01-30 17:25:50 INFO  - STEP: I click on . MESSAGE: Infoicon inside the Widget options.
2017-01-30 17:27:29 INFO  - SCENARIO: Verify the employee personal imformation in the info widget. MESSAGE: starting scenario.
2017-01-30 17:27:30 INFO  - STEP: I am at Mach2 webpage. MESSAGE: and prepare to Login.
2017-01-30 17:27:38 INFO  - STEP: I set username as . MESSAGE: angelica.rodriguez@fundacion-jala.org.
2017-01-30 17:27:38 INFO  - STEP: I set password as . MESSAGE: At24062406and press submit.
2017-01-30 17:27:38 INFO  - STEP: I add a mew Board to the group. MESSAGE: My Dashboard.
2017-01-30 17:27:40 INFO  - STEP: I click on Widget button. MESSAGE: at the top menu bar.
2017-01-30 17:28:45 INFO  - SCENARIO: Verify the employee personal imformation in the info widget. MESSAGE: starting scenario.
2017-01-30 17:28:45 INFO  - STEP: I am at Mach2 webpage. MESSAGE: and prepare to Login.
2017-01-30 17:29:03 INFO  - STEP: I set username as . MESSAGE: angelica.rodriguez@fundacion-jala.org.
2017-01-30 17:29:04 INFO  - STEP: I set password as . MESSAGE: At24062406and press submit.
2017-01-30 17:29:04 INFO  - STEP: I add a mew Board to the group. MESSAGE: My Dashboard.
2017-01-30 17:29:05 INFO  - STEP: I click on Widget button. MESSAGE: at the top menu bar.
2017-01-30 17:29:07 INFO  - STEP: I click on . MESSAGE: Infoicon inside the Widget options.
2017-01-30 17:29:09 INFO  - STEP: I select . MESSAGE: Open ERPservice icon and click on it.
2017-01-30 17:29:09 INFO  - STEP: I select . MESSAGE: Engineer Informationservice of Open ERP.
2017-01-30 17:29:12 INFO  - STEP: I click on save Button. MESSAGE: Click on save Button.
2017-01-30 17:29:27 INFO  - STEP: I have a table widget with Information filled. MESSAGE: Verification of datas.
2017-01-30 17:35:19 INFO  - SCENARIO: Verify the employee personal imformation in the info widget. MESSAGE: starting scenario.
2017-01-30 17:35:19 INFO  - STEP: I am at Mach2 webpage. MESSAGE: and prepare to Login.
2017-01-30 17:35:30 INFO  - STEP: I set username as . MESSAGE: angelica.rodriguez@fundacion-jala.org.
2017-01-30 17:35:30 INFO  - STEP: I set password as . MESSAGE: At24062406and press submit.
2017-01-30 17:35:31 INFO  - STEP: I add a mew Board to the group. MESSAGE: My Dashboard.
2017-01-30 17:35:31 INFO  - STEP: I click on Widget button. MESSAGE: at the top menu bar.
2017-01-30 17:35:33 INFO  - STEP: I click on . MESSAGE: Infoicon inside the Widget options.
2017-01-30 17:35:35 INFO  - STEP: I select . MESSAGE: Open ERPservice icon and click on it.
2017-01-30 17:35:36 INFO  - STEP: I select . MESSAGE: Engineer Informationservice of Open ERP.
2017-01-30 17:35:38 INFO  - STEP: I click on save Button. MESSAGE: Click on save Button.
2017-01-30 17:35:54 INFO  - STEP: I have a table widget with Information filled. MESSAGE: Verification of datas.
2017-01-30 17:59:23 INFO  - SCENARIO: Verify the employee personal imformation in the info widget. MESSAGE: starting scenario.
2017-01-30 17:59:24 INFO  - STEP: I am at Mach2 webpage. MESSAGE: and prepare to Login.
2017-01-30 17:59:31 INFO  - STEP: I set username as . MESSAGE: angelica.rodriguez@fundacion-jala.org.
2017-01-30 17:59:32 INFO  - STEP: I set password as . MESSAGE: At24062406and press submit.
2017-01-30 17:59:32 INFO  - STEP: I add a mew Board to the group. MESSAGE: My Dashboard.
2017-01-30 17:59:32 INFO  - STEP: I click on Widget button. MESSAGE: at the top menu bar.
2017-01-30 17:59:35 INFO  - STEP: I click on . MESSAGE: Infoicon inside the Widget options.
2017-01-30 17:59:37 INFO  - STEP: I select . MESSAGE: Open ERPservice icon and click on it.
2017-01-30 17:59:37 INFO  - STEP: I select . MESSAGE: Engineer Informationservice of Open ERP.
2017-01-30 17:59:39 INFO  - STEP: I click on save Button. MESSAGE: Click on save Button.
2017-01-30 18:00:44 INFO  - SCENARIO: Verify the employee personal imformation in the info widget. MESSAGE: starting scenario.
2017-01-30 18:00:45 INFO  - STEP: I am at Mach2 webpage. MESSAGE: and prepare to Login.
2017-01-30 18:01:01 INFO  - STEP: I set username as . MESSAGE: angelica.rodriguez@fundacion-jala.org.
2017-01-30 18:01:02 INFO  - STEP: I set password as . MESSAGE: At24062406and press submit.
2017-01-30 18:01:02 INFO  - STEP: I add a mew Board to the group. MESSAGE: My Dashboard.
2017-01-30 18:01:02 INFO  - STEP: I click on Widget button. MESSAGE: at the top menu bar.
2017-01-30 18:01:05 INFO  - STEP: I click on . MESSAGE: Infoicon inside the Widget options.
2017-01-30 18:01:07 INFO  - STEP: I select . MESSAGE: Open ERPservice icon and click on it.
2017-01-30 18:01:07 INFO  - STEP: I select . MESSAGE: Engineer Informationservice of Open ERP.
2017-01-30 18:01:09 INFO  - STEP: I click on save Button. MESSAGE: Click on save Button.
2017-01-30 18:01:53 INFO  - SCENARIO: Verify the employee personal imformation in the info widget. MESSAGE: starting scenario.
2017-01-30 18:01:53 INFO  - STEP: I am at Mach2 webpage. MESSAGE: and prepare to Login.
2017-01-30 18:02:02 INFO  - STEP: I set username as . MESSAGE: angelica.rodriguez@fundacion-jala.org.
2017-01-30 18:02:03 INFO  - STEP: I set password as . MESSAGE: At24062406and press submit.
2017-01-30 18:02:03 INFO  - STEP: I add a mew Board to the group. MESSAGE: My Dashboard.
2017-01-30 18:02:08 INFO  - STEP: I click on Widget button. MESSAGE: at the top menu bar.
2017-01-30 18:02:10 INFO  - STEP: I click on . MESSAGE: Infoicon inside the Widget options.
2017-01-30 18:02:13 INFO  - STEP: I select . MESSAGE: Open ERPservice icon and click on it.
2017-01-30 18:02:13 INFO  - STEP: I select . MESSAGE: Engineer Informationservice of Open ERP.
2017-01-30 18:02:17 INFO  - STEP: I click on save Button. MESSAGE: Click on save Button.
2017-01-30 18:02:29 INFO  - STEP: I have a table widget with Information filled. MESSAGE: Verification of datas.
2017-01-30 18:04:57 INFO  - SCENARIO: Verify the employee personal imformation in the info widget. MESSAGE: starting scenario.
2017-01-30 18:04:57 INFO  - STEP: I am at Mach2 webpage. MESSAGE: and prepare to Login.
2017-01-30 18:05:10 INFO  - STEP: I set username as . MESSAGE: angelica.rodriguez@fundacion-jala.org.
2017-01-30 18:05:10 INFO  - STEP: I set password as . MESSAGE: At24062406and press submit.
2017-01-30 18:05:11 INFO  - STEP: I add a mew Board to the group. MESSAGE: My Dashboard.
2017-01-30 18:05:12 INFO  - STEP: I click on Widget button. MESSAGE: at the top menu bar.
2017-01-30 18:05:14 INFO  - STEP: I click on . MESSAGE: Infoicon inside the Widget options.
2017-01-30 18:05:16 INFO  - STEP: I select . MESSAGE: Open ERPservice icon and click on it.
2017-01-30 18:05:20 INFO  - STEP: I select . MESSAGE: Engineer Informationservice of Open ERP.
2017-01-30 18:05:35 INFO  - STEP: I click on save Button. MESSAGE: Click on save Button.
2017-01-30 18:06:51 INFO  - SCENARIO: Verify the employee personal imformation in the info widget. MESSAGE: starting scenario.
2017-01-30 18:06:52 INFO  - STEP: I am at Mach2 webpage. MESSAGE: and prepare to Login.
2017-01-30 18:07:02 INFO  - STEP: I set username as . MESSAGE: angelica.rodriguez@fundacion-jala.org.
2017-01-30 18:07:02 INFO  - STEP: I set password as . MESSAGE: At24062406and press submit.
2017-01-30 18:07:02 INFO  - STEP: I add a mew Board to the group. MESSAGE: My Dashboard.
2017-01-30 18:07:04 INFO  - STEP: I click on Widget button. MESSAGE: at the top menu bar.
2017-01-30 18:07:06 INFO  - STEP: I click on . MESSAGE: Infoicon inside the Widget options.
2017-01-30 18:07:08 INFO  - STEP: I select . MESSAGE: Open ERPservice icon and click on it.
2017-01-30 18:07:08 INFO  - STEP: I select . MESSAGE: Engineer Informationservice of Open ERP.
2017-01-30 18:07:24 INFO  - STEP: I click on save Button. MESSAGE: Click on save Button.
2017-01-30 18:15:58 INFO  - SCENARIO: Verify the employee personal imformation in the info widget. MESSAGE: starting scenario.
2017-01-30 18:15:58 INFO  - STEP: I am at Mach2 webpage. MESSAGE: and prepare to Login.
2017-01-30 18:16:05 INFO  - STEP: I set username as . MESSAGE: angelica.rodriguez@fundacion-jala.org.
2017-01-30 18:16:06 INFO  - STEP: I set password as . MESSAGE: At24062406and press submit.
2017-01-30 18:16:06 INFO  - STEP: I add a mew Board to the group. MESSAGE: My Dashboard.
2017-01-30 18:16:07 INFO  - STEP: I click on Widget button. MESSAGE: at the top menu bar.
2017-01-30 18:16:09 INFO  - STEP: I click on . MESSAGE: Infoicon inside the Widget options.
2017-01-30 18:16:11 INFO  - STEP: I select . MESSAGE: Open ERPservice icon and click on it.
2017-01-30 18:16:11 INFO  - STEP: I select . MESSAGE: Engineer Informationservice of Open ERP.
2017-01-30 18:16:14 INFO  - STEP: I click on save Button. MESSAGE: Click on save Button.
2017-01-30 18:24:02 INFO  - SCENARIO: Verify the employee personal imformation in the info widget. MESSAGE: starting scenario.
2017-01-30 18:24:02 INFO  - STEP: I am at Mach2 webpage. MESSAGE: and prepare to Login.
2017-01-30 18:24:09 INFO  - STEP: I set username as . MESSAGE: angelica.rodriguez@fundacion-jala.org.
2017-01-30 18:24:10 INFO  - STEP: I set password as . MESSAGE: At24062406and press submit.
2017-01-30 18:24:10 INFO  - STEP: I add a mew Board to the group. MESSAGE: My Dashboard.
2017-01-30 18:24:11 INFO  - STEP: I click on Widget button. MESSAGE: at the top menu bar.
2017-01-30 18:24:13 INFO  - STEP: I click on . MESSAGE: Infoicon inside the Widget options.
2017-01-30 18:24:15 INFO  - STEP: I select . MESSAGE: Open ERPservice icon and click on it.
2017-01-30 18:24:15 INFO  - STEP: I select . MESSAGE: Engineer Informationservice of Open ERP.
2017-01-30 18:24:30 INFO  - STEP: I click on save Button. MESSAGE: Click on save Button.
2017-01-30 18:30:35 INFO  - SCENARIO: Verify the employee personal imformation in the info widget. MESSAGE: starting scenario.
2017-01-30 18:30:35 INFO  - STEP: I am at Mach2 webpage. MESSAGE: and prepare to Login.
2017-01-30 18:30:42 INFO  - STEP: I set username as . MESSAGE: angelica.rodriguez@fundacion-jala.org.
2017-01-30 18:30:43 INFO  - STEP: I set password as . MESSAGE: At24062406and press submit.
2017-01-30 18:30:43 INFO  - STEP: I add a mew Board to the group. MESSAGE: My Dashboard.
2017-01-30 18:30:44 INFO  - STEP: I click on Widget button. MESSAGE: at the top menu bar.
2017-01-30 18:30:47 INFO  - STEP: I click on . MESSAGE: Infoicon inside the Widget options.
2017-01-30 18:30:49 INFO  - STEP: I select . MESSAGE: Open ERPservice icon and click on it.
2017-01-30 18:30:50 INFO  - STEP: I select . MESSAGE: Engineer Informationservice of Open ERP.
2017-01-30 18:30:53 INFO  - STEP: I click on save Button. MESSAGE: Click on save Button.
2017-01-30 18:38:34 INFO  - SCENARIO: Verify the employee personal imformation in the info widget. MESSAGE: starting scenario.
2017-01-30 18:38:35 INFO  - STEP: I am at Mach2 webpage. MESSAGE: and prepare to Login.
2017-01-30 18:38:42 INFO  - STEP: I set username as . MESSAGE: angelica.rodriguez@fundacion-jala.org.
2017-01-30 18:38:42 INFO  - STEP: I set password as . MESSAGE: At24062406and press submit.
2017-01-30 18:38:42 INFO  - STEP: I add a mew Board to the group. MESSAGE: My Dashboard.
2017-01-30 18:38:43 INFO  - STEP: I click on Widget button. MESSAGE: at the top menu bar.
2017-01-30 18:38:45 INFO  - STEP: I click on . MESSAGE: Infoicon inside the Widget options.
2017-01-30 18:38:47 INFO  - STEP: I select . MESSAGE: Open ERPservice icon and click on it.
2017-01-30 18:38:48 INFO  - STEP: I select . MESSAGE: Engineer Informationservice of Open ERP.
2017-01-30 18:38:50 INFO  - STEP: I click on save Button. MESSAGE: Click on save Button.
2017-01-30 18:45:07 INFO  - SCENARIO: Verify the employee personal imformation in the info widget. MESSAGE: starting scenario.
2017-01-30 18:45:07 INFO  - STEP: I am at Mach2 webpage. MESSAGE: and prepare to Login.
2017-01-30 18:45:14 INFO  - STEP: I set username as . MESSAGE: angelica.rodriguez@fundacion-jala.org.
2017-01-30 18:45:14 INFO  - STEP: I set password as . MESSAGE: At24062406and press submit.
2017-01-30 18:45:15 INFO  - STEP: I add a mew Board to the group. MESSAGE: My Dashboard.
2017-01-30 18:45:15 INFO  - STEP: I click on Widget button. MESSAGE: at the top menu bar.
2017-01-30 18:45:18 INFO  - STEP: I click on . MESSAGE: Infoicon inside the Widget options.
2017-01-30 18:45:25 INFO  - STEP: I select . MESSAGE: Open ERPservice icon and click on it.
2017-01-30 18:45:26 INFO  - STEP: I select . MESSAGE: Engineer Informationservice of Open ERP.
2017-01-30 18:45:29 INFO  - STEP: I click on save Button. MESSAGE: Click on save Button.
2017-01-30 18:47:09 INFO  - SCENARIO: Verify the employee personal imformation in the info widget. MESSAGE: starting scenario.
2017-01-30 18:47:10 INFO  - STEP: I am at Mach2 webpage. MESSAGE: and prepare to Login.
2017-01-30 18:47:17 INFO  - STEP: I set username as . MESSAGE: angelica.rodriguez@fundacion-jala.org.
2017-01-30 18:47:17 INFO  - STEP: I set password as . MESSAGE: At24062406and press submit.
2017-01-30 18:47:17 INFO  - STEP: I add a mew Board to the group. MESSAGE: My Dashboard.
2017-01-30 18:47:18 INFO  - STEP: I click on Widget button. MESSAGE: at the top menu bar.
2017-01-30 18:47:20 INFO  - STEP: I click on . MESSAGE: Infoicon inside the Widget options.
2017-01-30 18:47:22 INFO  - STEP: I select . MESSAGE: Open ERPservice icon and click on it.
2017-01-30 18:47:30 INFO  - STEP: I select . MESSAGE: Engineer Informationservice of Open ERP.
2017-01-30 18:47:32 INFO  - STEP: I click on save Button. MESSAGE: Click on save Button.
2017-01-30 18:47:44 INFO  - STEP: I have a table widget with Information filled. MESSAGE: Verification of datas.
2017-01-30 18:51:57 INFO  - SCENARIO: Verify the employee personal imformation in the info widget. MESSAGE: starting scenario.
2017-01-30 18:51:57 INFO  - STEP: I am at Mach2 webpage. MESSAGE: and prepare to Login.
2017-01-30 18:52:04 INFO  - STEP: I set username as . MESSAGE: angelica.rodriguez@fundacion-jala.org.
2017-01-30 18:52:05 INFO  - STEP: I set password as . MESSAGE: At24062406and press submit.
2017-01-30 18:52:05 INFO  - STEP: I add a mew Board to the group. MESSAGE: My Dashboard.
2017-01-30 18:52:06 INFO  - STEP: I click on Widget button. MESSAGE: at the top menu bar.
2017-01-30 18:52:08 INFO  - STEP: I click on . MESSAGE: Infoicon inside the Widget options.
2017-01-30 18:52:10 INFO  - STEP: I select . MESSAGE: Open ERPservice icon and click on it.
2017-01-30 18:52:10 INFO  - STEP: I select . MESSAGE: Employees Personal Informationservice of Open ERP.
2017-01-30 18:52:11 INFO  - STEP: I click on save Button. MESSAGE: Click on save Button.
2017-01-30 18:52:39 INFO  - STEP: I have a table widget with Information filled. MESSAGE: Verification of datas.
